<?xml version="1.0" encoding="UTF-8"?>
<!-- Generated by org.testng.reporters.JUnitReportReporter -->
<testsuite hostname="DESKTOP-9Q40MFU" failures="0" tests="1" name="com.cermati.qa.automation.testscripts.Ebay_Website_URL_Lanching" time="0.078" errors="0" timestamp="2024-03-10T10:19:00 IST" skipped="0">
  <testcase classname="com.cermati.qa.automation.testscripts.Ebay_Website_URL_Lanching" name="verifytheHomePagetitle" time="0.078"/>
  <system-out/>
</testsuite> <!-- com.cermati.qa.automation.testscripts.Ebay_Website_URL_Lanching -->
