<?xml version="1.0" encoding="UTF-8"?>
<!-- Generated by org.testng.reporters.JUnitReportReporter -->
<testsuite hostname="DESKTOP-9Q40MFU" failures="0" tests="1" name="com.cermati.qa.automation.testscripts.Ebay_Access_Product_via_category_after_applying_multiple_filters" time="27.270" errors="0" timestamp="2024-03-10T10:18:59 IST" skipped="0">
  <testcase classname="com.cermati.qa.automation.testscripts.Ebay_Access_Product_via_category_after_applying_multiple_filters" name="AccessProductViaCategory" time="27.270"/>
  <system-out/>
</testsuite> <!-- com.cermati.qa.automation.testscripts.Ebay_Access_Product_via_category_after_applying_multiple_filters -->
