<?xml version="1.0" encoding="UTF-8"?>
<!-- Generated by org.testng.reporters.JUnitReportReporter -->
<testsuite hostname="DESKTOP-9Q40MFU" failures="0" tests="1" name="com.cermati.qa.automation.testscripts.Ebay_ProductAccess_viaSearch" time="13.394" errors="0" timestamp="2024-03-10T10:19:00 IST" skipped="0">
  <testcase classname="com.cermati.qa.automation.testscripts.Ebay_ProductAccess_viaSearch" name="Test_AccessProduct_ViaSearch" time="13.394"/>
  <system-out/>
</testsuite> <!-- com.cermati.qa.automation.testscripts.Ebay_ProductAccess_viaSearch -->
